<?xml version="1.0" encoding="UTF-8"?>
<testsuite xmlns:xsi="http://www.w3.org/2001/XMLSchema-instance" xsi:noNamespaceSchemaLocation="https://maven.apache.org/surefire/maven-surefire-plugin/xsd/surefire-test-report.xsd" name="org.baili.core.AppTest" time="0.003" tests="1" errors="0" skipped="0" failures="0">
  <properties>
    <property name="sun.desktop" value="windows"/>
    <property name="awt.toolkit" value="sun.awt.windows.WToolkit"/>
    <property name="file.encoding.pkg" value="sun.io"/>
    <property name="java.specification.version" value="1.8"/>
    <property name="sun.cpu.isalist" value="amd64"/>
    <property name="sun.jnu.encoding" value="GBK"/>
    <property name="java.class.path" value="F:\zhiyue\baili-parent\baili-core\target\test-classes;F:\zhiyue\baili-parent\baili-core\target\classes;C:\zmmzy\maven\repository\org\springframework\cloud\spring-cloud-starter-netflix-eureka-client\2.0.1.RELEASE\spring-cloud-starter-netflix-eureka-client-2.0.1.RELEASE.jar;C:\zmmzy\maven\repository\org\springframework\cloud\spring-cloud-starter\2.0.1.RELEASE\spring-cloud-starter-2.0.1.RELEASE.jar;C:\zmmzy\maven\repository\org\springframework\cloud\spring-cloud-context\2.0.1.RELEASE\spring-cloud-context-2.0.1.RELEASE.jar;C:\zmmzy\maven\repository\org\springframework\security\spring-security-rsa\1.0.5.RELEASE\spring-security-rsa-1.0.5.RELEASE.jar;C:\zmmzy\maven\repository\org\bouncycastle\bcpkix-jdk15on\1.56\bcpkix-jdk15on-1.56.jar;C:\zmmzy\maven\repository\org\bouncycastle\bcprov-jdk15on\1.56\bcprov-jdk15on-1.56.jar;C:\zmmzy\maven\repository\org\springframework\cloud\spring-cloud-netflix-core\2.0.1.RELEASE\spring-cloud-netflix-core-2.0.1.RELEASE.jar;C:\zmmzy\maven\repository\org\springframework\boot\spring-boot-autoconfigure\2.0.6.RELEASE\spring-boot-autoconfigure-2.0.6.RELEASE.jar;C:\zmmzy\maven\repository\org\springframework\boot\spring-boot-starter-aop\2.0.6.RELEASE\spring-boot-starter-aop-2.0.6.RELEASE.jar;C:\zmmzy\maven\repository\org\aspectj\aspectjweaver\1.8.13\aspectjweaver-1.8.13.jar;C:\zmmzy\maven\repository\org\springframework\cloud\spring-cloud-netflix-eureka-client\2.0.1.RELEASE\spring-cloud-netflix-eureka-client-2.0.1.RELEASE.jar;C:\zmmzy\maven\repository\com\netflix\eureka\eureka-client\1.9.3\eureka-client-1.9.3.jar;C:\zmmzy\maven\repository\org\codehaus\jettison\jettison\1.3.7\jettison-1.3.7.jar;C:\zmmzy\maven\repository\stax\stax-api\1.0.1\stax-api-1.0.1.jar;C:\zmmzy\maven\repository\com\netflix\netflix-commons\netflix-eventbus\0.3.0\netflix-eventbus-0.3.0.jar;C:\zmmzy\maven\repository\com\netflix\netflix-commons\netflix-infix\0.3.0\netflix-infix-0.3.0.jar;C:\zmmzy\maven\repository\commons-jxpath\commons-jxpath\1.3\commons-jxpath-1.3.jar;C:\zmmzy\maven\repository\joda-time\joda-time\2.9.9\joda-time-2.9.9.jar;C:\zmmzy\maven\repository\org\antlr\antlr-runtime\3.4\antlr-runtime-3.4.jar;C:\zmmzy\maven\repository\org\antlr\stringtemplate\3.2.1\stringtemplate-3.2.1.jar;C:\zmmzy\maven\repository\antlr\antlr\2.7.7\antlr-2.7.7.jar;C:\zmmzy\maven\repository\com\google\code\gson\gson\2.8.5\gson-2.8.5.jar;C:\zmmzy\maven\repository\org\apache\commons\commons-math\2.2\commons-math-2.2.jar;C:\zmmzy\maven\repository\com\netflix\archaius\archaius-core\0.7.6\archaius-core-0.7.6.jar;C:\zmmzy\maven\repository\javax\ws\rs\jsr311-api\1.1.1\jsr311-api-1.1.1.jar;C:\zmmzy\maven\repository\com\netflix\servo\servo-core\0.12.21\servo-core-0.12.21.jar;C:\zmmzy\maven\repository\com\sun\jersey\jersey-core\1.19.1\jersey-core-1.19.1.jar;C:\zmmzy\maven\repository\com\sun\jersey\jersey-client\1.19.1\jersey-client-1.19.1.jar;C:\zmmzy\maven\repository\com\sun\jersey\contribs\jersey-apache-client4\1.19.1\jersey-apache-client4-1.19.1.jar;C:\zmmzy\maven\repository\org\apache\httpcomponents\httpclient\4.5.6\httpclient-4.5.6.jar;C:\zmmzy\maven\repository\org\apache\httpcomponents\httpcore\4.4.10\httpcore-4.4.10.jar;C:\zmmzy\maven\repository\commons-codec\commons-codec\1.11\commons-codec-1.11.jar;C:\zmmzy\maven\repository\com\google\inject\guice\4.1.0\guice-4.1.0.jar;C:\zmmzy\maven\repository\javax\inject\javax.inject\1\javax.inject-1.jar;C:\zmmzy\maven\repository\aopalliance\aopalliance\1.0\aopalliance-1.0.jar;C:\zmmzy\maven\repository\com\github\vlsi\compactmap\compactmap\1.2.1\compactmap-1.2.1.jar;C:\zmmzy\maven\repository\com\github\andrewoma\dexx\dexx-collections\0.2\dexx-collections-0.2.jar;C:\zmmzy\maven\repository\com\fasterxml\jackson\core\jackson-annotations\2.9.0\jackson-annotations-2.9.0.jar;C:\zmmzy\maven\repository\com\fasterxml\jackson\core\jackson-core\2.9.7\jackson-core-2.9.7.jar;C:\zmmzy\maven\repository\com\fasterxml\jackson\core\jackson-databind\2.9.7\jackson-databind-2.9.7.jar;C:\zmmzy\maven\repository\com\netflix\eureka\eureka-core\1.9.3\eureka-core-1.9.3.jar;C:\zmmzy\maven\repository\org\codehaus\woodstox\woodstox-core-asl\4.4.1\woodstox-core-asl-4.4.1.jar;C:\zmmzy\maven\repository\javax\xml\stream\stax-api\1.0-2\stax-api-1.0-2.jar;C:\zmmzy\maven\repository\org\codehaus\woodstox\stax2-api\3.1.4\stax2-api-3.1.4.jar;C:\zmmzy\maven\repository\org\springframework\cloud\spring-cloud-starter-netflix-archaius\2.0.1.RELEASE\spring-cloud-starter-netflix-archaius-2.0.1.RELEASE.jar;C:\zmmzy\maven\repository\org\springframework\cloud\spring-cloud-netflix-ribbon\2.0.1.RELEASE\spring-cloud-netflix-ribbon-2.0.1.RELEASE.jar;C:\zmmzy\maven\repository\org\springframework\cloud\spring-cloud-netflix-archaius\2.0.1.RELEASE\spring-cloud-netflix-archaius-2.0.1.RELEASE.jar;C:\zmmzy\maven\repository\commons-configuration\commons-configuration\1.8\commons-configuration-1.8.jar;C:\zmmzy\maven\repository\commons-lang\commons-lang\2.6\commons-lang-2.6.jar;C:\zmmzy\maven\repository\org\springframework\cloud\spring-cloud-starter-netflix-ribbon\2.0.1.RELEASE\spring-cloud-starter-netflix-ribbon-2.0.1.RELEASE.jar;C:\zmmzy\maven\repository\com\netflix\ribbon\ribbon\2.2.5\ribbon-2.2.5.jar;C:\zmmzy\maven\repository\com\netflix\ribbon\ribbon-transport\2.2.5\ribbon-transport-2.2.5.jar;C:\zmmzy\maven\repository\io\reactivex\rxnetty-contexts\0.4.9\rxnetty-contexts-0.4.9.jar;C:\zmmzy\maven\repository\io\reactivex\rxnetty-servo\0.4.9\rxnetty-servo-0.4.9.jar;C:\zmmzy\maven\repository\io\reactivex\rxnetty\0.4.9\rxnetty-0.4.9.jar;C:\zmmzy\maven\repository\io\netty\netty-codec-http\4.1.29.Final\netty-codec-http-4.1.29.Final.jar;C:\zmmzy\maven\repository\io\netty\netty-transport-native-epoll\4.1.29.Final\netty-transport-native-epoll-4.1.29.Final.jar;C:\zmmzy\maven\repository\io\netty\netty-transport-native-unix-common\4.1.29.Final\netty-transport-native-unix-common-4.1.29.Final.jar;C:\zmmzy\maven\repository\com\netflix\ribbon\ribbon-core\2.2.5\ribbon-core-2.2.5.jar;C:\zmmzy\maven\repository\com\netflix\ribbon\ribbon-httpclient\2.2.5\ribbon-httpclient-2.2.5.jar;C:\zmmzy\maven\repository\commons-collections\commons-collections\3.2.2\commons-collections-3.2.2.jar;C:\zmmzy\maven\repository\com\netflix\netflix-commons\netflix-commons-util\0.1.1\netflix-commons-util-0.1.1.jar;C:\zmmzy\maven\repository\com\netflix\ribbon\ribbon-loadbalancer\2.2.5\ribbon-loadbalancer-2.2.5.jar;C:\zmmzy\maven\repository\com\netflix\netflix-commons\netflix-statistics\0.1.1\netflix-statistics-0.1.1.jar;C:\zmmzy\maven\repository\io\reactivex\rxjava\1.3.8\rxjava-1.3.8.jar;C:\zmmzy\maven\repository\com\netflix\ribbon\ribbon-eureka\2.2.5\ribbon-eureka-2.2.5.jar;C:\zmmzy\maven\repository\com\thoughtworks\xstream\xstream\1.4.10\xstream-1.4.10.jar;C:\zmmzy\maven\repository\xmlpull\xmlpull\1.1.3.1\xmlpull-1.1.3.1.jar;C:\zmmzy\maven\repository\xpp3\xpp3_min\1.1.4c\xpp3_min-1.1.4c.jar;C:\zmmzy\maven\repository\org\springframework\cloud\spring-cloud-starter-openfeign\2.0.1.RELEASE\spring-cloud-starter-openfeign-2.0.1.RELEASE.jar;C:\zmmzy\maven\repository\org\springframework\cloud\spring-cloud-openfeign-core\2.0.1.RELEASE\spring-cloud-openfeign-core-2.0.1.RELEASE.jar;C:\zmmzy\maven\repository\org\springframework\spring-web\5.0.10.RELEASE\spring-web-5.0.10.RELEASE.jar;C:\zmmzy\maven\repository\org\springframework\spring-beans\5.0.10.RELEASE\spring-beans-5.0.10.RELEASE.jar;C:\zmmzy\maven\repository\org\springframework\spring-core\5.0.10.RELEASE\spring-core-5.0.10.RELEASE.jar;C:\zmmzy\maven\repository\org\springframework\spring-jcl\5.0.10.RELEASE\spring-jcl-5.0.10.RELEASE.jar;C:\zmmzy\maven\repository\org\springframework\cloud\spring-cloud-commons\2.0.1.RELEASE\spring-cloud-commons-2.0.1.RELEASE.jar;C:\zmmzy\maven\repository\org\springframework\security\spring-security-crypto\5.0.9.RELEASE\spring-security-crypto-5.0.9.RELEASE.jar;C:\zmmzy\maven\repository\io\github\openfeign\feign-core\9.5.1\feign-core-9.5.1.jar;C:\zmmzy\maven\repository\io\github\openfeign\feign-slf4j\9.5.1\feign-slf4j-9.5.1.jar;C:\zmmzy\maven\repository\io\github\openfeign\feign-hystrix\9.5.1\feign-hystrix-9.5.1.jar;C:\zmmzy\maven\repository\com\netflix\hystrix\hystrix-core\1.4.26\hystrix-core-1.4.26.jar;C:\zmmzy\maven\repository\io\github\openfeign\feign-java8\9.5.1\feign-java8-9.5.1.jar;C:\zmmzy\maven\repository\cn\hutool\hutool-core\4.1.20\hutool-core-4.1.20.jar;C:\zmmzy\maven\repository\org\springframework\boot\spring-boot-starter-data-redis\2.0.6.RELEASE\spring-boot-starter-data-redis-2.0.6.RELEASE.jar;C:\zmmzy\maven\repository\org\springframework\boot\spring-boot-starter\2.0.6.RELEASE\spring-boot-starter-2.0.6.RELEASE.jar;C:\zmmzy\maven\repository\org\springframework\boot\spring-boot\2.0.6.RELEASE\spring-boot-2.0.6.RELEASE.jar;C:\zmmzy\maven\repository\org\springframework\boot\spring-boot-starter-logging\2.0.6.RELEASE\spring-boot-starter-logging-2.0.6.RELEASE.jar;C:\zmmzy\maven\repository\ch\qos\logback\logback-classic\1.2.3\logback-classic-1.2.3.jar;C:\zmmzy\maven\repository\ch\qos\logback\logback-core\1.2.3\logback-core-1.2.3.jar;C:\zmmzy\maven\repository\org\apache\logging\log4j\log4j-to-slf4j\2.10.0\log4j-to-slf4j-2.10.0.jar;C:\zmmzy\maven\repository\org\apache\logging\log4j\log4j-api\2.10.0\log4j-api-2.10.0.jar;C:\zmmzy\maven\repository\org\slf4j\jul-to-slf4j\1.7.25\jul-to-slf4j-1.7.25.jar;C:\zmmzy\maven\repository\javax\annotation\javax.annotation-api\1.3.2\javax.annotation-api-1.3.2.jar;C:\zmmzy\maven\repository\org\yaml\snakeyaml\1.19\snakeyaml-1.19.jar;C:\zmmzy\maven\repository\org\springframework\data\spring-data-redis\2.0.11.RELEASE\spring-data-redis-2.0.11.RELEASE.jar;C:\zmmzy\maven\repository\org\springframework\data\spring-data-keyvalue\2.0.11.RELEASE\spring-data-keyvalue-2.0.11.RELEASE.jar;C:\zmmzy\maven\repository\org\springframework\data\spring-data-commons\2.0.11.RELEASE\spring-data-commons-2.0.11.RELEASE.jar;C:\zmmzy\maven\repository\org\springframework\spring-tx\5.0.10.RELEASE\spring-tx-5.0.10.RELEASE.jar;C:\zmmzy\maven\repository\org\springframework\spring-oxm\5.0.10.RELEASE\spring-oxm-5.0.10.RELEASE.jar;C:\zmmzy\maven\repository\org\springframework\spring-aop\5.0.10.RELEASE\spring-aop-5.0.10.RELEASE.jar;C:\zmmzy\maven\repository\org\springframework\spring-context-support\5.0.10.RELEASE\spring-context-support-5.0.10.RELEASE.jar;C:\zmmzy\maven\repository\io\lettuce\lettuce-core\5.0.5.RELEASE\lettuce-core-5.0.5.RELEASE.jar;C:\zmmzy\maven\repository\io\projectreactor\reactor-core\3.1.10.RELEASE\reactor-core-3.1.10.RELEASE.jar;C:\zmmzy\maven\repository\org\reactivestreams\reactive-streams\1.0.2\reactive-streams-1.0.2.jar;C:\zmmzy\maven\repository\io\netty\netty-common\4.1.29.Final\netty-common-4.1.29.Final.jar;C:\zmmzy\maven\repository\io\netty\netty-transport\4.1.29.Final\netty-transport-4.1.29.Final.jar;C:\zmmzy\maven\repository\io\netty\netty-buffer\4.1.29.Final\netty-buffer-4.1.29.Final.jar;C:\zmmzy\maven\repository\io\netty\netty-resolver\4.1.29.Final\netty-resolver-4.1.29.Final.jar;C:\zmmzy\maven\repository\io\netty\netty-handler\4.1.29.Final\netty-handler-4.1.29.Final.jar;C:\zmmzy\maven\repository\io\netty\netty-codec\4.1.29.Final\netty-codec-4.1.29.Final.jar;C:\zmmzy\maven\repository\org\apache\shiro\shiro-spring\1.4.0\shiro-spring-1.4.0.jar;C:\zmmzy\maven\repository\org\apache\shiro\shiro-core\1.4.0\shiro-core-1.4.0.jar;C:\zmmzy\maven\repository\org\apache\shiro\shiro-lang\1.4.0\shiro-lang-1.4.0.jar;C:\zmmzy\maven\repository\org\apache\shiro\shiro-cache\1.4.0\shiro-cache-1.4.0.jar;C:\zmmzy\maven\repository\org\apache\shiro\shiro-crypto-hash\1.4.0\shiro-crypto-hash-1.4.0.jar;C:\zmmzy\maven\repository\org\apache\shiro\shiro-crypto-core\1.4.0\shiro-crypto-core-1.4.0.jar;C:\zmmzy\maven\repository\org\apache\shiro\shiro-crypto-cipher\1.4.0\shiro-crypto-cipher-1.4.0.jar;C:\zmmzy\maven\repository\org\apache\shiro\shiro-config-core\1.4.0\shiro-config-core-1.4.0.jar;C:\zmmzy\maven\repository\org\apache\shiro\shiro-config-ogdl\1.4.0\shiro-config-ogdl-1.4.0.jar;C:\zmmzy\maven\repository\commons-beanutils\commons-beanutils\1.9.3\commons-beanutils-1.9.3.jar;C:\zmmzy\maven\repository\org\apache\shiro\shiro-event\1.4.0\shiro-event-1.4.0.jar;C:\zmmzy\maven\repository\org\apache\shiro\shiro-web\1.4.0\shiro-web-1.4.0.jar;C:\zmmzy\maven\repository\io\springfox\springfox-swagger2\2.9.2\springfox-swagger2-2.9.2.jar;C:\zmmzy\maven\repository\io\swagger\swagger-annotations\1.5.20\swagger-annotations-1.5.20.jar;C:\zmmzy\maven\repository\io\swagger\swagger-models\1.5.20\swagger-models-1.5.20.jar;C:\zmmzy\maven\repository\io\springfox\springfox-spi\2.9.2\springfox-spi-2.9.2.jar;C:\zmmzy\maven\repository\io\springfox\springfox-core\2.9.2\springfox-core-2.9.2.jar;C:\zmmzy\maven\repository\net\bytebuddy\byte-buddy\1.7.11\byte-buddy-1.7.11.jar;C:\zmmzy\maven\repository\io\springfox\springfox-schema\2.9.2\springfox-schema-2.9.2.jar;C:\zmmzy\maven\repository\io\springfox\springfox-swagger-common\2.9.2\springfox-swagger-common-2.9.2.jar;C:\zmmzy\maven\repository\io\springfox\springfox-spring-web\2.9.2\springfox-spring-web-2.9.2.jar;C:\zmmzy\maven\repository\com\google\guava\guava\23.0\guava-23.0.jar;C:\zmmzy\maven\repository\com\google\code\findbugs\jsr305\1.3.9\jsr305-1.3.9.jar;C:\zmmzy\maven\repository\com\google\errorprone\error_prone_annotations\2.0.18\error_prone_annotations-2.0.18.jar;C:\zmmzy\maven\repository\com\google\j2objc\j2objc-annotations\1.1\j2objc-annotations-1.1.jar;C:\zmmzy\maven\repository\org\codehaus\mojo\animal-sniffer-annotations\1.14\animal-sniffer-annotations-1.14.jar;C:\zmmzy\maven\repository\com\fasterxml\classmate\1.3.4\classmate-1.3.4.jar;C:\zmmzy\maven\repository\org\slf4j\slf4j-api\1.7.25\slf4j-api-1.7.25.jar;C:\zmmzy\maven\repository\org\springframework\plugin\spring-plugin-core\1.2.0.RELEASE\spring-plugin-core-1.2.0.RELEASE.jar;C:\zmmzy\maven\repository\org\springframework\spring-context\5.0.10.RELEASE\spring-context-5.0.10.RELEASE.jar;C:\zmmzy\maven\repository\org\springframework\plugin\spring-plugin-metadata\1.2.0.RELEASE\spring-plugin-metadata-1.2.0.RELEASE.jar;C:\zmmzy\maven\repository\org\mapstruct\mapstruct\1.2.0.Final\mapstruct-1.2.0.Final.jar;C:\zmmzy\maven\repository\io\springfox\springfox-swagger-ui\2.9.2\springfox-swagger-ui-2.9.2.jar;C:\zmmzy\maven\repository\org\springframework\boot\spring-boot-starter-web\2.0.6.RELEASE\spring-boot-starter-web-2.0.6.RELEASE.jar;C:\zmmzy\maven\repository\org\springframework\boot\spring-boot-starter-json\2.0.6.RELEASE\spring-boot-starter-json-2.0.6.RELEASE.jar;C:\zmmzy\maven\repository\com\fasterxml\jackson\datatype\jackson-datatype-jdk8\2.9.7\jackson-datatype-jdk8-2.9.7.jar;C:\zmmzy\maven\repository\com\fasterxml\jackson\datatype\jackson-datatype-jsr310\2.9.7\jackson-datatype-jsr310-2.9.7.jar;C:\zmmzy\maven\repository\com\fasterxml\jackson\module\jackson-module-parameter-names\2.9.7\jackson-module-parameter-names-2.9.7.jar;C:\zmmzy\maven\repository\org\springframework\boot\spring-boot-starter-tomcat\2.0.6.RELEASE\spring-boot-starter-tomcat-2.0.6.RELEASE.jar;C:\zmmzy\maven\repository\org\apache\tomcat\embed\tomcat-embed-core\8.5.34\tomcat-embed-core-8.5.34.jar;C:\zmmzy\maven\repository\org\apache\tomcat\embed\tomcat-embed-el\8.5.34\tomcat-embed-el-8.5.34.jar;C:\zmmzy\maven\repository\org\apache\tomcat\embed\tomcat-embed-websocket\8.5.34\tomcat-embed-websocket-8.5.34.jar;C:\zmmzy\maven\repository\org\springframework\spring-webmvc\5.0.10.RELEASE\spring-webmvc-5.0.10.RELEASE.jar;C:\zmmzy\maven\repository\org\springframework\spring-expression\5.0.10.RELEASE\spring-expression-5.0.10.RELEASE.jar;C:\zmmzy\maven\repository\com\alibaba\fastjson\1.2.3\fastjson-1.2.3.jar;C:\zmmzy\maven\repository\com\github\pagehelper\pagehelper-spring-boot-starter\1.2.5\pagehelper-spring-boot-starter-1.2.5.jar;C:\zmmzy\maven\repository\com\github\pagehelper\pagehelper-spring-boot-autoconfigure\1.2.5\pagehelper-spring-boot-autoconfigure-1.2.5.jar;C:\zmmzy\maven\repository\com\github\pagehelper\pagehelper\5.1.4\pagehelper-5.1.4.jar;C:\zmmzy\maven\repository\com\github\jsqlparser\jsqlparser\1.0\jsqlparser-1.0.jar;C:\zmmzy\maven\repository\org\hibernate\validator\hibernate-validator\6.0.10.Final\hibernate-validator-6.0.10.Final.jar;C:\zmmzy\maven\repository\javax\validation\validation-api\2.0.1.Final\validation-api-2.0.1.Final.jar;C:\zmmzy\maven\repository\org\jboss\logging\jboss-logging\3.3.2.Final\jboss-logging-3.3.2.Final.jar;C:\zmmzy\maven\repository\org\mybatis\spring\boot\mybatis-spring-boot-starter\1.2.0\mybatis-spring-boot-starter-1.2.0.jar;C:\zmmzy\maven\repository\org\springframework\boot\spring-boot-starter-jdbc\2.0.6.RELEASE\spring-boot-starter-jdbc-2.0.6.RELEASE.jar;C:\zmmzy\maven\repository\com\zaxxer\HikariCP\2.7.9\HikariCP-2.7.9.jar;C:\zmmzy\maven\repository\org\springframework\spring-jdbc\5.0.10.RELEASE\spring-jdbc-5.0.10.RELEASE.jar;C:\zmmzy\maven\repository\org\mybatis\spring\boot\mybatis-spring-boot-autoconfigure\1.2.0\mybatis-spring-boot-autoconfigure-1.2.0.jar;C:\zmmzy\maven\repository\org\mybatis\mybatis\3.4.2\mybatis-3.4.2.jar;C:\zmmzy\maven\repository\org\mybatis\mybatis-spring\1.3.1\mybatis-spring-1.3.1.jar;C:\zmmzy\maven\repository\tk\mybatis\mapper-spring-boot-starter\2.0.4\mapper-spring-boot-starter-2.0.4.jar;C:\zmmzy\maven\repository\tk\mybatis\mapper-core\1.0.5\mapper-core-1.0.5.jar;C:\zmmzy\maven\repository\javax\persistence\persistence-api\1.0\persistence-api-1.0.jar;C:\zmmzy\maven\repository\tk\mybatis\mapper-base\1.0.5\mapper-base-1.0.5.jar;C:\zmmzy\maven\repository\tk\mybatis\mapper-weekend\1.1.4.1\mapper-weekend-1.1.4.1.jar;C:\zmmzy\maven\repository\tk\mybatis\mapper-spring\1.0.5\mapper-spring-1.0.5.jar;C:\zmmzy\maven\repository\tk\mybatis\mapper-extra\1.0.5\mapper-extra-1.0.5.jar;C:\zmmzy\maven\repository\tk\mybatis\mapper-spring-boot-autoconfigure\2.0.4\mapper-spring-boot-autoconfigure-2.0.4.jar;C:\zmmzy\maven\repository\junit\junit\3.8.1\junit-3.8.1.jar;"/>
    <property name="java.vm.vendor" value="Oracle Corporation"/>
    <property name="sun.arch.data.model" value="64"/>
    <property name="user.variant" value=""/>
    <property name="java.vendor.url" value="http://java.oracle.com/"/>
    <property name="user.timezone" value=""/>
    <property name="java.vm.specification.version" value="1.8"/>
    <property name="os.name" value="Windows 10"/>
    <property name="user.country" value="CN"/>
    <property name="sun.java.launcher" value="SUN_STANDARD"/>
    <property name="sun.boot.library.path" value="D:\jdknew\work\bin"/>
    <property name="sun.java.command" value="C:\Users\lixi2000\AppData\Local\Temp\surefire1145961384652481603\surefirebooter295576442322602380.jar C:\Users\lixi2000\AppData\Local\Temp\surefire1145961384652481603 2018-11-22T15-47-27_139-jvmRun1 surefire1293658038525524222tmp surefire_07072982737060567554tmp"/>
    <property name="surefire.test.class.path" value="F:\zhiyue\baili-parent\baili-core\target\test-classes;F:\zhiyue\baili-parent\baili-core\target\classes;C:\zmmzy\maven\repository\org\springframework\cloud\spring-cloud-starter-netflix-eureka-client\2.0.1.RELEASE\spring-cloud-starter-netflix-eureka-client-2.0.1.RELEASE.jar;C:\zmmzy\maven\repository\org\springframework\cloud\spring-cloud-starter\2.0.1.RELEASE\spring-cloud-starter-2.0.1.RELEASE.jar;C:\zmmzy\maven\repository\org\springframework\cloud\spring-cloud-context\2.0.1.RELEASE\spring-cloud-context-2.0.1.RELEASE.jar;C:\zmmzy\maven\repository\org\springframework\security\spring-security-rsa\1.0.5.RELEASE\spring-security-rsa-1.0.5.RELEASE.jar;C:\zmmzy\maven\repository\org\bouncycastle\bcpkix-jdk15on\1.56\bcpkix-jdk15on-1.56.jar;C:\zmmzy\maven\repository\org\bouncycastle\bcprov-jdk15on\1.56\bcprov-jdk15on-1.56.jar;C:\zmmzy\maven\repository\org\springframework\cloud\spring-cloud-netflix-core\2.0.1.RELEASE\spring-cloud-netflix-core-2.0.1.RELEASE.jar;C:\zmmzy\maven\repository\org\springframework\boot\spring-boot-autoconfigure\2.0.6.RELEASE\spring-boot-autoconfigure-2.0.6.RELEASE.jar;C:\zmmzy\maven\repository\org\springframework\boot\spring-boot-starter-aop\2.0.6.RELEASE\spring-boot-starter-aop-2.0.6.RELEASE.jar;C:\zmmzy\maven\repository\org\aspectj\aspectjweaver\1.8.13\aspectjweaver-1.8.13.jar;C:\zmmzy\maven\repository\org\springframework\cloud\spring-cloud-netflix-eureka-client\2.0.1.RELEASE\spring-cloud-netflix-eureka-client-2.0.1.RELEASE.jar;C:\zmmzy\maven\repository\com\netflix\eureka\eureka-client\1.9.3\eureka-client-1.9.3.jar;C:\zmmzy\maven\repository\org\codehaus\jettison\jettison\1.3.7\jettison-1.3.7.jar;C:\zmmzy\maven\repository\stax\stax-api\1.0.1\stax-api-1.0.1.jar;C:\zmmzy\maven\repository\com\netflix\netflix-commons\netflix-eventbus\0.3.0\netflix-eventbus-0.3.0.jar;C:\zmmzy\maven\repository\com\netflix\netflix-commons\netflix-infix\0.3.0\netflix-infix-0.3.0.jar;C:\zmmzy\maven\repository\commons-jxpath\commons-jxpath\1.3\commons-jxpath-1.3.jar;C:\zmmzy\maven\repository\joda-time\joda-time\2.9.9\joda-time-2.9.9.jar;C:\zmmzy\maven\repository\org\antlr\antlr-runtime\3.4\antlr-runtime-3.4.jar;C:\zmmzy\maven\repository\org\antlr\stringtemplate\3.2.1\stringtemplate-3.2.1.jar;C:\zmmzy\maven\repository\antlr\antlr\2.7.7\antlr-2.7.7.jar;C:\zmmzy\maven\repository\com\google\code\gson\gson\2.8.5\gson-2.8.5.jar;C:\zmmzy\maven\repository\org\apache\commons\commons-math\2.2\commons-math-2.2.jar;C:\zmmzy\maven\repository\com\netflix\archaius\archaius-core\0.7.6\archaius-core-0.7.6.jar;C:\zmmzy\maven\repository\javax\ws\rs\jsr311-api\1.1.1\jsr311-api-1.1.1.jar;C:\zmmzy\maven\repository\com\netflix\servo\servo-core\0.12.21\servo-core-0.12.21.jar;C:\zmmzy\maven\repository\com\sun\jersey\jersey-core\1.19.1\jersey-core-1.19.1.jar;C:\zmmzy\maven\repository\com\sun\jersey\jersey-client\1.19.1\jersey-client-1.19.1.jar;C:\zmmzy\maven\repository\com\sun\jersey\contribs\jersey-apache-client4\1.19.1\jersey-apache-client4-1.19.1.jar;C:\zmmzy\maven\repository\org\apache\httpcomponents\httpclient\4.5.6\httpclient-4.5.6.jar;C:\zmmzy\maven\repository\org\apache\httpcomponents\httpcore\4.4.10\httpcore-4.4.10.jar;C:\zmmzy\maven\repository\commons-codec\commons-codec\1.11\commons-codec-1.11.jar;C:\zmmzy\maven\repository\com\google\inject\guice\4.1.0\guice-4.1.0.jar;C:\zmmzy\maven\repository\javax\inject\javax.inject\1\javax.inject-1.jar;C:\zmmzy\maven\repository\aopalliance\aopalliance\1.0\aopalliance-1.0.jar;C:\zmmzy\maven\repository\com\github\vlsi\compactmap\compactmap\1.2.1\compactmap-1.2.1.jar;C:\zmmzy\maven\repository\com\github\andrewoma\dexx\dexx-collections\0.2\dexx-collections-0.2.jar;C:\zmmzy\maven\repository\com\fasterxml\jackson\core\jackson-annotations\2.9.0\jackson-annotations-2.9.0.jar;C:\zmmzy\maven\repository\com\fasterxml\jackson\core\jackson-core\2.9.7\jackson-core-2.9.7.jar;C:\zmmzy\maven\repository\com\fasterxml\jackson\core\jackson-databind\2.9.7\jackson-databind-2.9.7.jar;C:\zmmzy\maven\repository\com\netflix\eureka\eureka-core\1.9.3\eureka-core-1.9.3.jar;C:\zmmzy\maven\repository\org\codehaus\woodstox\woodstox-core-asl\4.4.1\woodstox-core-asl-4.4.1.jar;C:\zmmzy\maven\repository\javax\xml\stream\stax-api\1.0-2\stax-api-1.0-2.jar;C:\zmmzy\maven\repository\org\codehaus\woodstox\stax2-api\3.1.4\stax2-api-3.1.4.jar;C:\zmmzy\maven\repository\org\springframework\cloud\spring-cloud-starter-netflix-archaius\2.0.1.RELEASE\spring-cloud-starter-netflix-archaius-2.0.1.RELEASE.jar;C:\zmmzy\maven\repository\org\springframework\cloud\spring-cloud-netflix-ribbon\2.0.1.RELEASE\spring-cloud-netflix-ribbon-2.0.1.RELEASE.jar;C:\zmmzy\maven\repository\org\springframework\cloud\spring-cloud-netflix-archaius\2.0.1.RELEASE\spring-cloud-netflix-archaius-2.0.1.RELEASE.jar;C:\zmmzy\maven\repository\commons-configuration\commons-configuration\1.8\commons-configuration-1.8.jar;C:\zmmzy\maven\repository\commons-lang\commons-lang\2.6\commons-lang-2.6.jar;C:\zmmzy\maven\repository\org\springframework\cloud\spring-cloud-starter-netflix-ribbon\2.0.1.RELEASE\spring-cloud-starter-netflix-ribbon-2.0.1.RELEASE.jar;C:\zmmzy\maven\repository\com\netflix\ribbon\ribbon\2.2.5\ribbon-2.2.5.jar;C:\zmmzy\maven\repository\com\netflix\ribbon\ribbon-transport\2.2.5\ribbon-transport-2.2.5.jar;C:\zmmzy\maven\repository\io\reactivex\rxnetty-contexts\0.4.9\rxnetty-contexts-0.4.9.jar;C:\zmmzy\maven\repository\io\reactivex\rxnetty-servo\0.4.9\rxnetty-servo-0.4.9.jar;C:\zmmzy\maven\repository\io\reactivex\rxnetty\0.4.9\rxnetty-0.4.9.jar;C:\zmmzy\maven\repository\io\netty\netty-codec-http\4.1.29.Final\netty-codec-http-4.1.29.Final.jar;C:\zmmzy\maven\repository\io\netty\netty-transport-native-epoll\4.1.29.Final\netty-transport-native-epoll-4.1.29.Final.jar;C:\zmmzy\maven\repository\io\netty\netty-transport-native-unix-common\4.1.29.Final\netty-transport-native-unix-common-4.1.29.Final.jar;C:\zmmzy\maven\repository\com\netflix\ribbon\ribbon-core\2.2.5\ribbon-core-2.2.5.jar;C:\zmmzy\maven\repository\com\netflix\ribbon\ribbon-httpclient\2.2.5\ribbon-httpclient-2.2.5.jar;C:\zmmzy\maven\repository\commons-collections\commons-collections\3.2.2\commons-collections-3.2.2.jar;C:\zmmzy\maven\repository\com\netflix\netflix-commons\netflix-commons-util\0.1.1\netflix-commons-util-0.1.1.jar;C:\zmmzy\maven\repository\com\netflix\ribbon\ribbon-loadbalancer\2.2.5\ribbon-loadbalancer-2.2.5.jar;C:\zmmzy\maven\repository\com\netflix\netflix-commons\netflix-statistics\0.1.1\netflix-statistics-0.1.1.jar;C:\zmmzy\maven\repository\io\reactivex\rxjava\1.3.8\rxjava-1.3.8.jar;C:\zmmzy\maven\repository\com\netflix\ribbon\ribbon-eureka\2.2.5\ribbon-eureka-2.2.5.jar;C:\zmmzy\maven\repository\com\thoughtworks\xstream\xstream\1.4.10\xstream-1.4.10.jar;C:\zmmzy\maven\repository\xmlpull\xmlpull\1.1.3.1\xmlpull-1.1.3.1.jar;C:\zmmzy\maven\repository\xpp3\xpp3_min\1.1.4c\xpp3_min-1.1.4c.jar;C:\zmmzy\maven\repository\org\springframework\cloud\spring-cloud-starter-openfeign\2.0.1.RELEASE\spring-cloud-starter-openfeign-2.0.1.RELEASE.jar;C:\zmmzy\maven\repository\org\springframework\cloud\spring-cloud-openfeign-core\2.0.1.RELEASE\spring-cloud-openfeign-core-2.0.1.RELEASE.jar;C:\zmmzy\maven\repository\org\springframework\spring-web\5.0.10.RELEASE\spring-web-5.0.10.RELEASE.jar;C:\zmmzy\maven\repository\org\springframework\spring-beans\5.0.10.RELEASE\spring-beans-5.0.10.RELEASE.jar;C:\zmmzy\maven\repository\org\springframework\spring-core\5.0.10.RELEASE\spring-core-5.0.10.RELEASE.jar;C:\zmmzy\maven\repository\org\springframework\spring-jcl\5.0.10.RELEASE\spring-jcl-5.0.10.RELEASE.jar;C:\zmmzy\maven\repository\org\springframework\cloud\spring-cloud-commons\2.0.1.RELEASE\spring-cloud-commons-2.0.1.RELEASE.jar;C:\zmmzy\maven\repository\org\springframework\security\spring-security-crypto\5.0.9.RELEASE\spring-security-crypto-5.0.9.RELEASE.jar;C:\zmmzy\maven\repository\io\github\openfeign\feign-core\9.5.1\feign-core-9.5.1.jar;C:\zmmzy\maven\repository\io\github\openfeign\feign-slf4j\9.5.1\feign-slf4j-9.5.1.jar;C:\zmmzy\maven\repository\io\github\openfeign\feign-hystrix\9.5.1\feign-hystrix-9.5.1.jar;C:\zmmzy\maven\repository\com\netflix\hystrix\hystrix-core\1.4.26\hystrix-core-1.4.26.jar;C:\zmmzy\maven\repository\io\github\openfeign\feign-java8\9.5.1\feign-java8-9.5.1.jar;C:\zmmzy\maven\repository\cn\hutool\hutool-core\4.1.20\hutool-core-4.1.20.jar;C:\zmmzy\maven\repository\org\springframework\boot\spring-boot-starter-data-redis\2.0.6.RELEASE\spring-boot-starter-data-redis-2.0.6.RELEASE.jar;C:\zmmzy\maven\repository\org\springframework\boot\spring-boot-starter\2.0.6.RELEASE\spring-boot-starter-2.0.6.RELEASE.jar;C:\zmmzy\maven\repository\org\springframework\boot\spring-boot\2.0.6.RELEASE\spring-boot-2.0.6.RELEASE.jar;C:\zmmzy\maven\repository\org\springframework\boot\spring-boot-starter-logging\2.0.6.RELEASE\spring-boot-starter-logging-2.0.6.RELEASE.jar;C:\zmmzy\maven\repository\ch\qos\logback\logback-classic\1.2.3\logback-classic-1.2.3.jar;C:\zmmzy\maven\repository\ch\qos\logback\logback-core\1.2.3\logback-core-1.2.3.jar;C:\zmmzy\maven\repository\org\apache\logging\log4j\log4j-to-slf4j\2.10.0\log4j-to-slf4j-2.10.0.jar;C:\zmmzy\maven\repository\org\apache\logging\log4j\log4j-api\2.10.0\log4j-api-2.10.0.jar;C:\zmmzy\maven\repository\org\slf4j\jul-to-slf4j\1.7.25\jul-to-slf4j-1.7.25.jar;C:\zmmzy\maven\repository\javax\annotation\javax.annotation-api\1.3.2\javax.annotation-api-1.3.2.jar;C:\zmmzy\maven\repository\org\yaml\snakeyaml\1.19\snakeyaml-1.19.jar;C:\zmmzy\maven\repository\org\springframework\data\spring-data-redis\2.0.11.RELEASE\spring-data-redis-2.0.11.RELEASE.jar;C:\zmmzy\maven\repository\org\springframework\data\spring-data-keyvalue\2.0.11.RELEASE\spring-data-keyvalue-2.0.11.RELEASE.jar;C:\zmmzy\maven\repository\org\springframework\data\spring-data-commons\2.0.11.RELEASE\spring-data-commons-2.0.11.RELEASE.jar;C:\zmmzy\maven\repository\org\springframework\spring-tx\5.0.10.RELEASE\spring-tx-5.0.10.RELEASE.jar;C:\zmmzy\maven\repository\org\springframework\spring-oxm\5.0.10.RELEASE\spring-oxm-5.0.10.RELEASE.jar;C:\zmmzy\maven\repository\org\springframework\spring-aop\5.0.10.RELEASE\spring-aop-5.0.10.RELEASE.jar;C:\zmmzy\maven\repository\org\springframework\spring-context-support\5.0.10.RELEASE\spring-context-support-5.0.10.RELEASE.jar;C:\zmmzy\maven\repository\io\lettuce\lettuce-core\5.0.5.RELEASE\lettuce-core-5.0.5.RELEASE.jar;C:\zmmzy\maven\repository\io\projectreactor\reactor-core\3.1.10.RELEASE\reactor-core-3.1.10.RELEASE.jar;C:\zmmzy\maven\repository\org\reactivestreams\reactive-streams\1.0.2\reactive-streams-1.0.2.jar;C:\zmmzy\maven\repository\io\netty\netty-common\4.1.29.Final\netty-common-4.1.29.Final.jar;C:\zmmzy\maven\repository\io\netty\netty-transport\4.1.29.Final\netty-transport-4.1.29.Final.jar;C:\zmmzy\maven\repository\io\netty\netty-buffer\4.1.29.Final\netty-buffer-4.1.29.Final.jar;C:\zmmzy\maven\repository\io\netty\netty-resolver\4.1.29.Final\netty-resolver-4.1.29.Final.jar;C:\zmmzy\maven\repository\io\netty\netty-handler\4.1.29.Final\netty-handler-4.1.29.Final.jar;C:\zmmzy\maven\repository\io\netty\netty-codec\4.1.29.Final\netty-codec-4.1.29.Final.jar;C:\zmmzy\maven\repository\org\apache\shiro\shiro-spring\1.4.0\shiro-spring-1.4.0.jar;C:\zmmzy\maven\repository\org\apache\shiro\shiro-core\1.4.0\shiro-core-1.4.0.jar;C:\zmmzy\maven\repository\org\apache\shiro\shiro-lang\1.4.0\shiro-lang-1.4.0.jar;C:\zmmzy\maven\repository\org\apache\shiro\shiro-cache\1.4.0\shiro-cache-1.4.0.jar;C:\zmmzy\maven\repository\org\apache\shiro\shiro-crypto-hash\1.4.0\shiro-crypto-hash-1.4.0.jar;C:\zmmzy\maven\repository\org\apache\shiro\shiro-crypto-core\1.4.0\shiro-crypto-core-1.4.0.jar;C:\zmmzy\maven\repository\org\apache\shiro\shiro-crypto-cipher\1.4.0\shiro-crypto-cipher-1.4.0.jar;C:\zmmzy\maven\repository\org\apache\shiro\shiro-config-core\1.4.0\shiro-config-core-1.4.0.jar;C:\zmmzy\maven\repository\org\apache\shiro\shiro-config-ogdl\1.4.0\shiro-config-ogdl-1.4.0.jar;C:\zmmzy\maven\repository\commons-beanutils\commons-beanutils\1.9.3\commons-beanutils-1.9.3.jar;C:\zmmzy\maven\repository\org\apache\shiro\shiro-event\1.4.0\shiro-event-1.4.0.jar;C:\zmmzy\maven\repository\org\apache\shiro\shiro-web\1.4.0\shiro-web-1.4.0.jar;C:\zmmzy\maven\repository\io\springfox\springfox-swagger2\2.9.2\springfox-swagger2-2.9.2.jar;C:\zmmzy\maven\repository\io\swagger\swagger-annotations\1.5.20\swagger-annotations-1.5.20.jar;C:\zmmzy\maven\repository\io\swagger\swagger-models\1.5.20\swagger-models-1.5.20.jar;C:\zmmzy\maven\repository\io\springfox\springfox-spi\2.9.2\springfox-spi-2.9.2.jar;C:\zmmzy\maven\repository\io\springfox\springfox-core\2.9.2\springfox-core-2.9.2.jar;C:\zmmzy\maven\repository\net\bytebuddy\byte-buddy\1.7.11\byte-buddy-1.7.11.jar;C:\zmmzy\maven\repository\io\springfox\springfox-schema\2.9.2\springfox-schema-2.9.2.jar;C:\zmmzy\maven\repository\io\springfox\springfox-swagger-common\2.9.2\springfox-swagger-common-2.9.2.jar;C:\zmmzy\maven\repository\io\springfox\springfox-spring-web\2.9.2\springfox-spring-web-2.9.2.jar;C:\zmmzy\maven\repository\com\google\guava\guava\23.0\guava-23.0.jar;C:\zmmzy\maven\repository\com\google\code\findbugs\jsr305\1.3.9\jsr305-1.3.9.jar;C:\zmmzy\maven\repository\com\google\errorprone\error_prone_annotations\2.0.18\error_prone_annotations-2.0.18.jar;C:\zmmzy\maven\repository\com\google\j2objc\j2objc-annotations\1.1\j2objc-annotations-1.1.jar;C:\zmmzy\maven\repository\org\codehaus\mojo\animal-sniffer-annotations\1.14\animal-sniffer-annotations-1.14.jar;C:\zmmzy\maven\repository\com\fasterxml\classmate\1.3.4\classmate-1.3.4.jar;C:\zmmzy\maven\repository\org\slf4j\slf4j-api\1.7.25\slf4j-api-1.7.25.jar;C:\zmmzy\maven\repository\org\springframework\plugin\spring-plugin-core\1.2.0.RELEASE\spring-plugin-core-1.2.0.RELEASE.jar;C:\zmmzy\maven\repository\org\springframework\spring-context\5.0.10.RELEASE\spring-context-5.0.10.RELEASE.jar;C:\zmmzy\maven\repository\org\springframework\plugin\spring-plugin-metadata\1.2.0.RELEASE\spring-plugin-metadata-1.2.0.RELEASE.jar;C:\zmmzy\maven\repository\org\mapstruct\mapstruct\1.2.0.Final\mapstruct-1.2.0.Final.jar;C:\zmmzy\maven\repository\io\springfox\springfox-swagger-ui\2.9.2\springfox-swagger-ui-2.9.2.jar;C:\zmmzy\maven\repository\org\springframework\boot\spring-boot-starter-web\2.0.6.RELEASE\spring-boot-starter-web-2.0.6.RELEASE.jar;C:\zmmzy\maven\repository\org\springframework\boot\spring-boot-starter-json\2.0.6.RELEASE\spring-boot-starter-json-2.0.6.RELEASE.jar;C:\zmmzy\maven\repository\com\fasterxml\jackson\datatype\jackson-datatype-jdk8\2.9.7\jackson-datatype-jdk8-2.9.7.jar;C:\zmmzy\maven\repository\com\fasterxml\jackson\datatype\jackson-datatype-jsr310\2.9.7\jackson-datatype-jsr310-2.9.7.jar;C:\zmmzy\maven\repository\com\fasterxml\jackson\module\jackson-module-parameter-names\2.9.7\jackson-module-parameter-names-2.9.7.jar;C:\zmmzy\maven\repository\org\springframework\boot\spring-boot-starter-tomcat\2.0.6.RELEASE\spring-boot-starter-tomcat-2.0.6.RELEASE.jar;C:\zmmzy\maven\repository\org\apache\tomcat\embed\tomcat-embed-core\8.5.34\tomcat-embed-core-8.5.34.jar;C:\zmmzy\maven\repository\org\apache\tomcat\embed\tomcat-embed-el\8.5.34\tomcat-embed-el-8.5.34.jar;C:\zmmzy\maven\repository\org\apache\tomcat\embed\tomcat-embed-websocket\8.5.34\tomcat-embed-websocket-8.5.34.jar;C:\zmmzy\maven\repository\org\springframework\spring-webmvc\5.0.10.RELEASE\spring-webmvc-5.0.10.RELEASE.jar;C:\zmmzy\maven\repository\org\springframework\spring-expression\5.0.10.RELEASE\spring-expression-5.0.10.RELEASE.jar;C:\zmmzy\maven\repository\com\alibaba\fastjson\1.2.3\fastjson-1.2.3.jar;C:\zmmzy\maven\repository\com\github\pagehelper\pagehelper-spring-boot-starter\1.2.5\pagehelper-spring-boot-starter-1.2.5.jar;C:\zmmzy\maven\repository\com\github\pagehelper\pagehelper-spring-boot-autoconfigure\1.2.5\pagehelper-spring-boot-autoconfigure-1.2.5.jar;C:\zmmzy\maven\repository\com\github\pagehelper\pagehelper\5.1.4\pagehelper-5.1.4.jar;C:\zmmzy\maven\repository\com\github\jsqlparser\jsqlparser\1.0\jsqlparser-1.0.jar;C:\zmmzy\maven\repository\org\hibernate\validator\hibernate-validator\6.0.10.Final\hibernate-validator-6.0.10.Final.jar;C:\zmmzy\maven\repository\javax\validation\validation-api\2.0.1.Final\validation-api-2.0.1.Final.jar;C:\zmmzy\maven\repository\org\jboss\logging\jboss-logging\3.3.2.Final\jboss-logging-3.3.2.Final.jar;C:\zmmzy\maven\repository\org\mybatis\spring\boot\mybatis-spring-boot-starter\1.2.0\mybatis-spring-boot-starter-1.2.0.jar;C:\zmmzy\maven\repository\org\springframework\boot\spring-boot-starter-jdbc\2.0.6.RELEASE\spring-boot-starter-jdbc-2.0.6.RELEASE.jar;C:\zmmzy\maven\repository\com\zaxxer\HikariCP\2.7.9\HikariCP-2.7.9.jar;C:\zmmzy\maven\repository\org\springframework\spring-jdbc\5.0.10.RELEASE\spring-jdbc-5.0.10.RELEASE.jar;C:\zmmzy\maven\repository\org\mybatis\spring\boot\mybatis-spring-boot-autoconfigure\1.2.0\mybatis-spring-boot-autoconfigure-1.2.0.jar;C:\zmmzy\maven\repository\org\mybatis\mybatis\3.4.2\mybatis-3.4.2.jar;C:\zmmzy\maven\repository\org\mybatis\mybatis-spring\1.3.1\mybatis-spring-1.3.1.jar;C:\zmmzy\maven\repository\tk\mybatis\mapper-spring-boot-starter\2.0.4\mapper-spring-boot-starter-2.0.4.jar;C:\zmmzy\maven\repository\tk\mybatis\mapper-core\1.0.5\mapper-core-1.0.5.jar;C:\zmmzy\maven\repository\javax\persistence\persistence-api\1.0\persistence-api-1.0.jar;C:\zmmzy\maven\repository\tk\mybatis\mapper-base\1.0.5\mapper-base-1.0.5.jar;C:\zmmzy\maven\repository\tk\mybatis\mapper-weekend\1.1.4.1\mapper-weekend-1.1.4.1.jar;C:\zmmzy\maven\repository\tk\mybatis\mapper-spring\1.0.5\mapper-spring-1.0.5.jar;C:\zmmzy\maven\repository\tk\mybatis\mapper-extra\1.0.5\mapper-extra-1.0.5.jar;C:\zmmzy\maven\repository\tk\mybatis\mapper-spring-boot-autoconfigure\2.0.4\mapper-spring-boot-autoconfigure-2.0.4.jar;C:\zmmzy\maven\repository\junit\junit\3.8.1\junit-3.8.1.jar;"/>
    <property name="sun.cpu.endian" value="little"/>
    <property name="user.home" value="C:\Users\lixi2000"/>
    <property name="user.language" value="zh"/>
    <property name="java.specification.vendor" value="Oracle Corporation"/>
    <property name="java.home" value="D:\jdknew\work"/>
    <property name="basedir" value="F:\zhiyue\baili-parent\baili-core"/>
    <property name="file.separator" value="\"/>
    <property name="line.separator" value="&#10;"/>
    <property name="java.vm.specification.vendor" value="Oracle Corporation"/>
    <property name="java.specification.name" value="Java Platform API Specification"/>
    <property name="java.awt.graphicsenv" value="sun.awt.Win32GraphicsEnvironment"/>
    <property name="surefire.real.class.path" value="C:\Users\lixi2000\AppData\Local\Temp\surefire1145961384652481603\surefirebooter295576442322602380.jar"/>
    <property name="sun.boot.class.path" value="D:\jdknew\work\lib\resources.jar;D:\jdknew\work\lib\rt.jar;D:\jdknew\work\lib\sunrsasign.jar;D:\jdknew\work\lib\jsse.jar;D:\jdknew\work\lib\jce.jar;D:\jdknew\work\lib\charsets.jar;D:\jdknew\work\lib\jfr.jar;D:\jdknew\work\classes"/>
    <property name="user.script" value=""/>
    <property name="sun.management.compiler" value="HotSpot 64-Bit Tiered Compilers"/>
    <property name="java.runtime.version" value="1.8.0_171-b11"/>
    <property name="user.name" value="wangxiaosan"/>
    <property name="path.separator" value=";"/>
    <property name="os.version" value="10.0"/>
    <property name="java.endorsed.dirs" value="D:\jdknew\work\lib\endorsed"/>
    <property name="java.runtime.name" value="Java(TM) SE Runtime Environment"/>
    <property name="file.encoding" value="GBK"/>
    <property name="java.vm.name" value="Java HotSpot(TM) 64-Bit Server VM"/>
    <property name="localRepository" value="C:\zmmzy\maven\repository"/>
    <property name="java.vendor.url.bug" value="http://bugreport.sun.com/bugreport/"/>
    <property name="java.io.tmpdir" value="C:\Users\lixi2000\AppData\Local\Temp\"/>
    <property name="java.version" value="1.8.0_171"/>
    <property name="user.dir" value="F:\zhiyue\baili-parent\baili-core"/>
    <property name="os.arch" value="amd64"/>
    <property name="java.vm.specification.name" value="Java Virtual Machine Specification"/>
    <property name="java.awt.printerjob" value="sun.awt.windows.WPrinterJob"/>
    <property name="sun.os.patch.level" value=""/>
    <property name="java.library.path" value="D:\jdknew\work\bin;C:\WINDOWS\Sun\Java\bin;C:\WINDOWS\system32;C:\WINDOWS;D:/jdknew/work/bin/server;D:/jdknew/work/bin;D:/jdknew/work/lib/amd64;C:\Program Files (x86)\Common Files\Oracle\Java\javapath;C:\Program Files (x86)\Common Files\NetSarang;D:\setup\curl-7.40.0-ssl-sspi-zlib-static-bin-w32;C:\zmmzy\maven\apache-maven-3.5.2\bin;D:\program\jdk1.8.0_20\bin;C:\Program Files (x86)\Intel\iCLS Client\;C:\Program Files\Intel\iCLS Client\;C:\Windows\system32;C:\Windows;C:\Windows\System32\Wbem;C:\Windows\System32\WindowsPowerShell\v1.0\;C:\Program Files\Intel\Intel(R) Management Engine Components\DAL;C:\Program Files\Intel\Intel(R) Management Engine Components\IPT;C:\Program Files (x86)\Intel\Intel(R) Management Engine Components\DAL;C:\Program Files (x86)\Intel\Intel(R) Management Engine Components\IPT;C:\Program Files (x86)\Acer\abFiles\;C:\Program Files (x86)\nodejs;D:\study\tortoisegit\bin;C:\WINDOWS\system32;C:\WINDOWS;C:\WINDOWS\System32\Wbem;C:\WINDOWS\System32\WindowsPowerShell\v1.0\;%CATALINA_HOME%\common\lib\servlet.jar;C:\Program Files\MySQL\MySQL Server 5.7\bin;C:\Program Files (x86)\Tesseract-OCR;C:\Users\lixi2000\AppData\Local\Programs\Python\Python36-32;F:\zmm\nodejs\;;C:\WINDOWS\System32\OpenSSH\;F:\zmm\fiddel\Fiddler;C:\Users\lixi2000\AppData\Roaming\npm;%USERPROFILE%\AppData\Local\Microsoft\WindowsApps;;C:\zmmzy\eclipsejavaee\eclipse;;."/>
    <property name="java.vm.info" value="mixed mode"/>
    <property name="java.vendor" value="Oracle Corporation"/>
    <property name="java.vm.version" value="25.171-b11"/>
    <property name="java.ext.dirs" value="D:\jdknew\work\lib\ext;C:\WINDOWS\Sun\Java\lib\ext"/>
    <property name="sun.io.unicode.encoding" value="UnicodeLittle"/>
    <property name="java.class.version" value="52.0"/>
  </properties>
  <testcase name="testApp" classname="org.baili.core.AppTest" time="0.001"/>
</testsuite>